build/outputs/logs/manifest-merger-debug-report.txt
-- Merging decision tree log ---
manifest
ADDED from Projects\androidEngineDemo\AndroidManifest.xml:2:1-191:12
INJECTED from Projects\androidEngineDemo\AndroidManifest.xml:2:1-191:12
INJECTED from Projects\androidEngineDemo\AndroidManifest.xml:2:1-191:12
MERGED from [com.android.support:multidex:1.0.2] AndroidManifest.xml:17:1-22:12
INJECTED from Projects\androidEngineDemo\AndroidManifest.xml:2:1-191:12
INJECTED from Projects\androidEngineDemo\AndroidManifest.xml:2:1-191:12
	package
		ADDED from Projects\androidEngineDemo\AndroidManifest.xml:3:5-44
	android:versionName
		ADDED from Projects\androidEngineDemo\AndroidManifest.xml:5:5-30
		INJECTED from Projects\androidEngineDemo\AndroidManifest.xml
		INJECTED from Projects\androidEngineDemo\AndroidManifest.xml
	xmlns:android
		ADDED from Projects\androidEngineDemo\AndroidManifest.xml:2:11-69
	android:versionCode
		ADDED from Projects\androidEngineDemo\AndroidManifest.xml:4:5-28
		INJECTED from Projects\androidEngineDemo\AndroidManifest.xml
		INJECTED from Projects\androidEngineDemo\AndroidManifest.xml
uses-sdk
ADDED from Projects\androidEngineDemo\AndroidManifest.xml:7:5-9:41
MERGED from [com.android.support:multidex:1.0.2] AndroidManifest.xml:20:5-43
MERGED from [com.android.support:multidex:1.0.2] AndroidManifest.xml:20:5-43
	android:targetSdkVersion
		ADDED from Projects\androidEngineDemo\AndroidManifest.xml:9:9-38
	android:minSdkVersion
		ADDED from Projects\androidEngineDemo\AndroidManifest.xml:8:9-35
application
ADDED from Projects\androidEngineDemo\AndroidManifest.xml:11:5-170:19
	android:label
		ADDED from Projects\androidEngineDemo\AndroidManifest.xml:14:9-41
	android:debuggable
		ADDED from Projects\androidEngineDemo\AndroidManifest.xml:12:9-34
	android:icon
		ADDED from Projects\androidEngineDemo\AndroidManifest.xml:13:9-45
	android:theme
		ADDED from Projects\androidEngineDemo\AndroidManifest.xml:15:9-40
activity#com.kingwaytek.naviking3d.app.Start
ADDED from Projects\androidEngineDemo\AndroidManifest.xml:16:9-24:20
	android:label
		ADDED from Projects\androidEngineDemo\AndroidManifest.xml:18:13-57
	android:name
		ADDED from Projects\androidEngineDemo\AndroidManifest.xml:17:13-63
intent-filter#android.intent.action.MAIN+android.intent.category.LAUNCHER
ADDED from Projects\androidEngineDemo\AndroidManifest.xml:19:13-23:29
action#android.intent.action.MAIN
ADDED from Projects\androidEngineDemo\AndroidManifest.xml:20:17-69
	android:name
		ADDED from Projects\androidEngineDemo\AndroidManifest.xml:20:25-66
category#android.intent.category.LAUNCHER
ADDED from Projects\androidEngineDemo\AndroidManifest.xml:22:17-77
	android:name
		ADDED from Projects\androidEngineDemo\AndroidManifest.xml:22:27-74
activity#com.kingwaytek.naviking3d.app.UI_Caution
ADDED from Projects\androidEngineDemo\AndroidManifest.xml:25:9-29:20
	android:screenOrientation
		ADDED from Projects\androidEngineDemo\AndroidManifest.xml:28:13-49
	android:configChanges
		ADDED from Projects\androidEngineDemo\AndroidManifest.xml:27:13-60
	android:name
		ADDED from Projects\androidEngineDemo\AndroidManifest.xml:26:13-68
activity#com.kingwaytek.naviking3d.app.dlg.DLG_MAIN_MENU
ADDED from Projects\androidEngineDemo\AndroidManifest.xml:30:9-34:20
	android:launchMode
		ADDED from Projects\androidEngineDemo\AndroidManifest.xml:33:13-44
	android:configChanges
		ADDED from Projects\androidEngineDemo\AndroidManifest.xml:32:13-72
	android:name
		ADDED from Projects\androidEngineDemo\AndroidManifest.xml:31:13-75
activity#com.kingwaytek.naviking3d.app.dlg.DLG_SEARCH_NEAR
ADDED from Projects\androidEngineDemo\AndroidManifest.xml:35:9-39:20
	android:launchMode
		ADDED from Projects\androidEngineDemo\AndroidManifest.xml:38:13-44
	android:configChanges
		ADDED from Projects\androidEngineDemo\AndroidManifest.xml:37:13-72
	android:name
		ADDED from Projects\androidEngineDemo\AndroidManifest.xml:36:13-77
activity#com.kingwaytek.naviking3d.app.dlg.DLG_SEARCH_NEAR_LIST
ADDED from Projects\androidEngineDemo\AndroidManifest.xml:40:9-45:20
	android:screenOrientation
		ADDED from Projects\androidEngineDemo\AndroidManifest.xml:44:13-49
	android:launchMode
		ADDED from Projects\androidEngineDemo\AndroidManifest.xml:43:13-44
	android:configChanges
		ADDED from Projects\androidEngineDemo\AndroidManifest.xml:42:13-72
	android:name
		ADDED from Projects\androidEngineDemo\AndroidManifest.xml:41:13-82
activity#com.kingwaytek.naviking3d.app.dlg.DLG_SEARCH_INT
ADDED from Projects\androidEngineDemo\AndroidManifest.xml:46:9-50:20
	android:launchMode
		ADDED from Projects\androidEngineDemo\AndroidManifest.xml:49:13-44
	android:configChanges
		ADDED from Projects\androidEngineDemo\AndroidManifest.xml:48:13-72
	android:name
		ADDED from Projects\androidEngineDemo\AndroidManifest.xml:47:13-76
activity#com.kingwaytek.naviking3d.app.dlg.DLG_SEARCH_INT_LIST
ADDED from Projects\androidEngineDemo\AndroidManifest.xml:51:9-56:20
	android:screenOrientation
		ADDED from Projects\androidEngineDemo\AndroidManifest.xml:55:13-49
	android:launchMode
		ADDED from Projects\androidEngineDemo\AndroidManifest.xml:54:13-44
	android:configChanges
		ADDED from Projects\androidEngineDemo\AndroidManifest.xml:53:13-72
	android:name
		ADDED from Projects\androidEngineDemo\AndroidManifest.xml:52:13-81
activity#com.kingwaytek.naviking3d.app.dlg.DLG_SEARCH_KIND
ADDED from Projects\androidEngineDemo\AndroidManifest.xml:57:9-61:20
	android:launchMode
		ADDED from Projects\androidEngineDemo\AndroidManifest.xml:60:13-44
	android:configChanges
		ADDED from Projects\androidEngineDemo\AndroidManifest.xml:59:13-72
	android:name
		ADDED from Projects\androidEngineDemo\AndroidManifest.xml:58:13-77
activity#com.kingwaytek.naviking3d.app.dlg.DLG_SEARCH_KIND2
ADDED from Projects\androidEngineDemo\AndroidManifest.xml:62:9-66:20
	android:launchMode
		ADDED from Projects\androidEngineDemo\AndroidManifest.xml:65:13-44
	android:configChanges
		ADDED from Projects\androidEngineDemo\AndroidManifest.xml:64:13-72
	android:name
		ADDED from Projects\androidEngineDemo\AndroidManifest.xml:63:13-78
activity#com.kingwaytek.naviking3d.app.dlg.DLG_SEARCH_KIND3
ADDED from Projects\androidEngineDemo\AndroidManifest.xml:67:9-71:20
	android:launchMode
		ADDED from Projects\androidEngineDemo\AndroidManifest.xml:70:13-44
	android:configChanges
		ADDED from Projects\androidEngineDemo\AndroidManifest.xml:69:13-72
	android:name
		ADDED from Projects\androidEngineDemo\AndroidManifest.xml:68:13-78
activity#com.kingwaytek.naviking3d.app.dlg.DLG_SEARCH_KIND_LIST
ADDED from Projects\androidEngineDemo\AndroidManifest.xml:72:9-76:20
	android:launchMode
		ADDED from Projects\androidEngineDemo\AndroidManifest.xml:75:13-44
	android:configChanges
		ADDED from Projects\androidEngineDemo\AndroidManifest.xml:74:13-72
	android:name
		ADDED from Projects\androidEngineDemo\AndroidManifest.xml:73:13-82
activity#com.kingwaytek.naviking3d.app.dlg.DLG_SEARCH_TEL_LIST
ADDED from Projects\androidEngineDemo\AndroidManifest.xml:77:9-81:20
	android:launchMode
		ADDED from Projects\androidEngineDemo\AndroidManifest.xml:80:13-44
	android:configChanges
		ADDED from Projects\androidEngineDemo\AndroidManifest.xml:79:13-72
	android:name
		ADDED from Projects\androidEngineDemo\AndroidManifest.xml:78:13-81
activity#com.kingwaytek.naviking3d.app.dlg.DLG_ROUTE_SUM
ADDED from Projects\androidEngineDemo\AndroidManifest.xml:82:9-86:20
	android:launchMode
		ADDED from Projects\androidEngineDemo\AndroidManifest.xml:85:13-44
	android:configChanges
		ADDED from Projects\androidEngineDemo\AndroidManifest.xml:84:13-72
	android:name
		ADDED from Projects\androidEngineDemo\AndroidManifest.xml:83:13-75
activity#com.kingwaytek.naviking3d.app.dlg.DLG_SEARCH_NAME_LIST
ADDED from Projects\androidEngineDemo\AndroidManifest.xml:87:9-91:20
	android:launchMode
		ADDED from Projects\androidEngineDemo\AndroidManifest.xml:90:13-44
	android:configChanges
		ADDED from Projects\androidEngineDemo\AndroidManifest.xml:89:13-72
	android:name
		ADDED from Projects\androidEngineDemo\AndroidManifest.xml:88:13-82
activity#com.kingwaytek.naviking3d.app.dlg.DLG_SEARCH_GROUP_LIST
ADDED from Projects\androidEngineDemo\AndroidManifest.xml:92:9-96:20
	android:launchMode
		ADDED from Projects\androidEngineDemo\AndroidManifest.xml:95:13-44
	android:configChanges
		ADDED from Projects\androidEngineDemo\AndroidManifest.xml:94:13-72
	android:name
		ADDED from Projects\androidEngineDemo\AndroidManifest.xml:93:13-83
activity#com.kingwaytek.naviking3d.app.dlg.DLG_RECENT_DEST_LIST
ADDED from Projects\androidEngineDemo\AndroidManifest.xml:97:9-101:20
	android:launchMode
		ADDED from Projects\androidEngineDemo\AndroidManifest.xml:100:13-44
	android:configChanges
		ADDED from Projects\androidEngineDemo\AndroidManifest.xml:99:13-72
	android:name
		ADDED from Projects\androidEngineDemo\AndroidManifest.xml:98:13-82
activity#com.kingwaytek.naviking3d.app.dlg.DLG_RECENT_ROUTE_LIST
ADDED from Projects\androidEngineDemo\AndroidManifest.xml:102:9-106:20
	android:launchMode
		ADDED from Projects\androidEngineDemo\AndroidManifest.xml:105:13-44
	android:configChanges
		ADDED from Projects\androidEngineDemo\AndroidManifest.xml:104:13-72
	android:name
		ADDED from Projects\androidEngineDemo\AndroidManifest.xml:103:13-83
activity#com.kingwaytek.naviking3d.app.dlg.DLG_VIEW_MAP_SEARCH
ADDED from Projects\androidEngineDemo\AndroidManifest.xml:107:9-110:20
	android:configChanges
		ADDED from Projects\androidEngineDemo\AndroidManifest.xml:109:13-72
	android:name
		ADDED from Projects\androidEngineDemo\AndroidManifest.xml:108:13-81
activity#com.kingwaytek.naviking3d.app.dlg.DLG_SEARCH_REG_LOCATION
ADDED from Projects\androidEngineDemo\AndroidManifest.xml:111:9-115:20
	android:launchMode
		ADDED from Projects\androidEngineDemo\AndroidManifest.xml:114:13-44
	android:configChanges
		ADDED from Projects\androidEngineDemo\AndroidManifest.xml:113:13-72
	android:name
		ADDED from Projects\androidEngineDemo\AndroidManifest.xml:112:13-85
activity#com.kingwaytek.naviking3d.app.dlg.DLG_SEARCH_UBCODE_LIST
ADDED from Projects\androidEngineDemo\AndroidManifest.xml:116:9-120:20
	android:launchMode
		ADDED from Projects\androidEngineDemo\AndroidManifest.xml:119:13-44
	android:configChanges
		ADDED from Projects\androidEngineDemo\AndroidManifest.xml:118:13-72
	android:name
		ADDED from Projects\androidEngineDemo\AndroidManifest.xml:117:13-84
activity#com.kingwaytek.naviking3d.app.dlg.DLG_SEARCH_MS_LIST
ADDED from Projects\androidEngineDemo\AndroidManifest.xml:121:9-125:20
	android:launchMode
		ADDED from Projects\androidEngineDemo\AndroidManifest.xml:124:13-44
	android:configChanges
		ADDED from Projects\androidEngineDemo\AndroidManifest.xml:123:13-72
	android:name
		ADDED from Projects\androidEngineDemo\AndroidManifest.xml:122:13-80
activity#com.kingwaytek.naviking3d.app.dlg.DLG_ROUTE_LIST
ADDED from Projects\androidEngineDemo\AndroidManifest.xml:126:9-130:20
	android:launchMode
		ADDED from Projects\androidEngineDemo\AndroidManifest.xml:129:13-44
	android:configChanges
		ADDED from Projects\androidEngineDemo\AndroidManifest.xml:128:13-72
	android:name
		ADDED from Projects\androidEngineDemo\AndroidManifest.xml:127:13-76
activity#com.kingwaytek.naviking3d.app.MapViewActivity
ADDED from Projects\androidEngineDemo\AndroidManifest.xml:131:9-132:20
	android:name
		ADDED from Projects\androidEngineDemo\AndroidManifest.xml:131:19-79
activity#com.kingwaytek.naviking3d.app.PoiIconTest
ADDED from Projects\androidEngineDemo\AndroidManifest.xml:133:9-136:20
	android:label
		ADDED from Projects\androidEngineDemo\AndroidManifest.xml:135:13-65
	android:name
		ADDED from Projects\androidEngineDemo\AndroidManifest.xml:134:13-69
activity#com.kingwaytek.naviking3d.app.CarTestActivity
ADDED from Projects\androidEngineDemo\AndroidManifest.xml:137:9-140:20
	android:label
		ADDED from Projects\androidEngineDemo\AndroidManifest.xml:139:13-60
	android:name
		ADDED from Projects\androidEngineDemo\AndroidManifest.xml:138:13-73
activity#com.kingwaytek.naviking3d.app.ExSettingActivity
ADDED from Projects\androidEngineDemo\AndroidManifest.xml:141:9-144:20
	android:label
		ADDED from Projects\androidEngineDemo\AndroidManifest.xml:143:13-62
	android:name
		ADDED from Projects\androidEngineDemo\AndroidManifest.xml:142:13-75
activity#com.kingwaytek.naviking3d.app.RouteActivity
ADDED from Projects\androidEngineDemo\AndroidManifest.xml:145:9-148:20
	android:label
		ADDED from Projects\androidEngineDemo\AndroidManifest.xml:147:13-57
	android:name
		ADDED from Projects\androidEngineDemo\AndroidManifest.xml:146:13-71
activity#com.kingwaytek.naviking3d.app.RouteConfigActivity
ADDED from Projects\androidEngineDemo\AndroidManifest.xml:149:9-152:20
	android:label
		ADDED from Projects\androidEngineDemo\AndroidManifest.xml:151:13-64
	android:name
		ADDED from Projects\androidEngineDemo\AndroidManifest.xml:150:13-77
activity#com.kingwaytek.naviking3d.app.RouteListActivity
ADDED from Projects\androidEngineDemo\AndroidManifest.xml:153:9-156:20
	android:label
		ADDED from Projects\androidEngineDemo\AndroidManifest.xml:155:13-62
	android:name
		ADDED from Projects\androidEngineDemo\AndroidManifest.xml:154:13-75
activity#com.kingwaytek.naviking3d.app.RouteDetailActivity
ADDED from Projects\androidEngineDemo\AndroidManifest.xml:157:9-160:20
	android:label
		ADDED from Projects\androidEngineDemo\AndroidManifest.xml:159:13-64
	android:name
		ADDED from Projects\androidEngineDemo\AndroidManifest.xml:158:13-77
activity#com.kingwaytek.naviking3d.app.RegionFilter1
ADDED from Projects\androidEngineDemo\AndroidManifest.xml:161:9-164:20
	android:name
		ADDED from Projects\androidEngineDemo\AndroidManifest.xml:162:13-71
activity#com.kingwaytek.naviking3d.app.RegionFilter2
ADDED from Projects\androidEngineDemo\AndroidManifest.xml:165:9-168:20
	android:name
		ADDED from Projects\androidEngineDemo\AndroidManifest.xml:166:13-71
uses-permission#android.permission.WRITE_EXTERNAL_STORAGE
ADDED from Projects\androidEngineDemo\AndroidManifest.xml:172:5-173:23
	android:name
		ADDED from Projects\androidEngineDemo\AndroidManifest.xml:172:22-78
uses-permission#android.permission.WRITE_SETTINGS
ADDED from Projects\androidEngineDemo\AndroidManifest.xml:174:5-175:23
	android:name
		ADDED from Projects\androidEngineDemo\AndroidManifest.xml:174:22-70
uses-permission#android.permission.ACCESS_FINE_LOCATION
ADDED from Projects\androidEngineDemo\AndroidManifest.xml:176:5-177:23
	android:name
		ADDED from Projects\androidEngineDemo\AndroidManifest.xml:176:22-76
uses-permission#android.permission.ACCESS_COARSE_LOCATION
ADDED from Projects\androidEngineDemo\AndroidManifest.xml:178:5-179:23
	android:name
		ADDED from Projects\androidEngineDemo\AndroidManifest.xml:178:22-78
uses-permission#android.permission.ACCESS_NETWORK_STATE
ADDED from Projects\androidEngineDemo\AndroidManifest.xml:180:5-181:23
	android:name
		ADDED from Projects\androidEngineDemo\AndroidManifest.xml:180:22-76
uses-permission#android.permission.ACCESS_WIFI_STATE
ADDED from Projects\androidEngineDemo\AndroidManifest.xml:182:5-183:23
	android:name
		ADDED from Projects\androidEngineDemo\AndroidManifest.xml:182:22-73
uses-permission#android.permission.VIBRATE
ADDED from Projects\androidEngineDemo\AndroidManifest.xml:184:5-185:23
	android:name
		ADDED from Projects\androidEngineDemo\AndroidManifest.xml:184:22-63
uses-permission#android.permission.WAKE_LOCK
ADDED from Projects\androidEngineDemo\AndroidManifest.xml:186:5-187:23
	android:name
		ADDED from Projects\androidEngineDemo\AndroidManifest.xml:186:22-65
uses-permission#android.permission.INTERNET
ADDED from Projects\androidEngineDemo\AndroidManifest.xml:188:5-189:23
	android:name
		ADDED from Projects\androidEngineDemo\AndroidManifest.xml:188:22-64